Determining if the pthread_create exist failed with the following output:
Change Dir: /home/zhuzhengming/dip_ws/build/CMakeFiles/CMakeTmp

Run Build Command:"/usr/bin/make" "cmTC_ebe2a/fast"
/usr/bin/make -f CMakeFiles/cmTC_ebe2a.dir/build.make CMakeFiles/cmTC_ebe2a.dir/build
make[1]: 进入目录“/home/zhuzhengming/dip_ws/build/CMakeFiles/CMakeTmp”
Building C object CMakeFiles/cmTC_ebe2a.dir/CheckSymbolExists.c.o
/usr/bin/cc    -o CMakeFiles/cmTC_ebe2a.dir/CheckSymbolExists.c.o   -c /home/zhuzhengming/dip_ws/build/CMakeFiles/CMakeTmp/CheckSymbolExists.c
Linking C executable cmTC_ebe2a
/usr/bin/cmake -E cmake_link_script CMakeFiles/cmTC_ebe2a.dir/link.txt --verbose=1
/usr/bin/cc      -rdynamic CMakeFiles/cmTC_ebe2a.dir/CheckSymbolExists.c.o  -o cmTC_ebe2a 
CMakeFiles/cmTC_ebe2a.dir/CheckSymbolExists.c.o：在函数‘main’中：
CheckSymbolExists.c:(.text+0x1b)：对‘pthread_create’未定义的引用
collect2: error: ld returned 1 exit status
CMakeFiles/cmTC_ebe2a.dir/build.make:97: recipe for target 'cmTC_ebe2a' failed
make[1]: *** [cmTC_ebe2a] Error 1
make[1]: 离开目录“/home/zhuzhengming/dip_ws/build/CMakeFiles/CMakeTmp”
Makefile:126: recipe for target 'cmTC_ebe2a/fast' failed
make: *** [cmTC_ebe2a/fast] Error 2

File /home/zhuzhengming/dip_ws/build/CMakeFiles/CMakeTmp/CheckSymbolExists.c:
/* */
#include <pthread.h>

int main(int argc, char** argv)
{
  (void)argv;
#ifndef pthread_create
  return ((int*)(&pthread_create))[argc];
#else
  (void)argc;
  return 0;
#endif
}

Determining if the function pthread_create exists in the pthreads failed with the following output:
Change Dir: /home/zhuzhengming/dip_ws/build/CMakeFiles/CMakeTmp

Run Build Command:"/usr/bin/make" "cmTC_9eadd/fast"
/usr/bin/make -f CMakeFiles/cmTC_9eadd.dir/build.make CMakeFiles/cmTC_9eadd.dir/build
make[1]: 进入目录“/home/zhuzhengming/dip_ws/build/CMakeFiles/CMakeTmp”
Building C object CMakeFiles/cmTC_9eadd.dir/CheckFunctionExists.c.o
/usr/bin/cc   -DCHECK_FUNCTION_EXISTS=pthread_create   -o CMakeFiles/cmTC_9eadd.dir/CheckFunctionExists.c.o   -c /usr/share/cmake-3.10/Modules/CheckFunctionExists.c
Linking C executable cmTC_9eadd
/usr/bin/cmake -E cmake_link_script CMakeFiles/cmTC_9eadd.dir/link.txt --verbose=1
/usr/bin/cc  -DCHECK_FUNCTION_EXISTS=pthread_create    -rdynamic CMakeFiles/cmTC_9eadd.dir/CheckFunctionExists.c.o  -o cmTC_9eadd -lpthreads 
/usr/bin/ld: 找不到 -lpthreads
collect2: error: ld returned 1 exit status
CMakeFiles/cmTC_9eadd.dir/build.make:97: recipe for target 'cmTC_9eadd' failed
make[1]: *** [cmTC_9eadd] Error 1
make[1]: 离开目录“/home/zhuzhengming/dip_ws/build/CMakeFiles/CMakeTmp”
Makefile:126: recipe for target 'cmTC_9eadd/fast' failed
make: *** [cmTC_9eadd/fast] Error 2


